<?xml version="1.0" encoding="UTF-8"?>
<testsuite xmlns:xsi="http://www.w3.org/2001/XMLSchema-instance" xsi:noNamespaceSchemaLocation="https://maven.apache.org/surefire/maven-surefire-plugin/xsd/surefire-test-report.xsd" version="3.0.1" name="runner.TestRunner" time="48.153" tests="5" errors="0" skipped="0" failures="0">
  <properties>
[...]
</properties>
  <testcase name="runScenario[&quot;Verify login for the valid credentials&quot;, &quot;Login&quot;](1)" classname="runner.TestRunner" time="9.887">
    <system-out><![CDATA[
@Smoke
Scenario: Verify login for the valid credentials          # src/test/resources/Features/Login.feature:10
2026-02-18 20:20:51 [main] INFO  hooks.Hooks - Broswer launched...
2026-02-18 20:20:56 [main] INFO  stepdefinitions.CommonSteps - On homepage...
  ✔ Given User should land on the homepage                # stepdefinitions.CommonSteps.user_should_land_on_the_homepage()
2026-02-18 20:20:56 [main] INFO  stepdefinitions.CommonSteps - Clicked my account button...
  ✔ When User clicks on MyAccount button                  # stepdefinitions.CommonSteps.user_clicks_on_my_account_button()
2026-02-18 20:20:57 [main] INFO  stepdefinitions.LoginSteps - Clicked on login link...
  ✔ When User clicks on Login link                        # stepdefinitions.LoginSteps.user_clicks_on_login_link()
2026-02-18 20:20:57 [main] INFO  stepdefinitions.LoginSteps - On login page...
  ✔ Then User should land on the login page               # stepdefinitions.LoginSteps.user_should_land_on_the_login_page()
2026-02-18 20:20:57 [main] INFO  stepdefinitions.LoginSteps - Entered email...
  ✔ When User enters the email as "alex12345@example.com" # stepdefinitions.LoginSteps.user_enters_the_email_as(java.lang.String)
2026-02-18 20:20:58 [main] INFO  stepdefinitions.LoginSteps - Entered password...
  ✔ And password as "alex@123"                            # stepdefinitions.LoginSteps.password_as(java.lang.String)
2026-02-18 20:20:58 [main] INFO  stepdefinitions.LoginSteps - Clicked login button...
  ✔ And clicks on login button                            # stepdefinitions.LoginSteps.clicks_on_login_button()
2026-02-18 20:20:59 [main] INFO  stepdefinitions.CommonSteps - On my account page...
  ✔ Then User should land on the my account page          # stepdefinitions.CommonSteps.user_should_land_on_the_my_account_page()
2026-02-18 20:20:59 [main] INFO  hooks.Hooks - Broswer closed...
]]></system-out>
    <system-err><![CDATA[SLF4J(W): No SLF4J providers were found.
SLF4J(W): Defaulting to no-operation (NOP) logger implementation
SLF4J(W): See https://www.slf4j.org/codes.html#noProviders for further details.
Feb 18, 2026 8:20:54 PM org.openqa.selenium.devtools.CdpVersionFinder findNearestMatch
WARNING: Unable to find an exact match for CDP version 145, returning the closest version; found: 144; Please update to a Selenium version that supports CDP version 145
]]></system-err>
  </testcase>
  <testcase name="runScenario[&quot;Verify login for the valid and invalid credentials&quot;, &quot;Login&quot;](2)" classname="runner.TestRunner" time="6.19">
    <system-out><![CDATA[
@Regression @DataDriven
Scenario Outline: Verify login for the valid and invalid credentials # src/test/resources/Features/Login.feature:25
2026-02-18 20:20:59 [main] INFO  hooks.Hooks - Broswer launched...
2026-02-18 20:21:03 [main] INFO  stepdefinitions.CommonSteps - On homepage...
  ✔ Given User should land on the homepage                           # stepdefinitions.CommonSteps.user_should_land_on_the_homepage()
2026-02-18 20:21:03 [main] INFO  stepdefinitions.CommonSteps - Clicked my account button...
  ✔ When User clicks on MyAccount button                             # stepdefinitions.CommonSteps.user_clicks_on_my_account_button()
2026-02-18 20:21:03 [main] INFO  stepdefinitions.LoginSteps - Clicked on login link...
  ✔ When User clicks on Login link                                   # stepdefinitions.LoginSteps.user_clicks_on_login_link()
2026-02-18 20:21:04 [main] INFO  stepdefinitions.LoginSteps - On login page...
  ✔ Then User should land on the login page                          # stepdefinitions.LoginSteps.user_should_land_on_the_login_page()
2026-02-18 20:21:04 [main] INFO  stepdefinitions.LoginSteps - Entered email...
  ✔ When User enters the email as "alex12345@example.com"            # stepdefinitions.LoginSteps.user_enters_the_email_as(java.lang.String)
2026-02-18 20:21:04 [main] INFO  stepdefinitions.LoginSteps - Entered password...
  ✔ And password as "alex@123"                                       # stepdefinitions.LoginSteps.password_as(java.lang.String)
2026-02-18 20:21:04 [main] INFO  stepdefinitions.LoginSteps - Clicked login button...
  ✔ And clicks on login button                                       # stepdefinitions.LoginSteps.clicks_on_login_button()
2026-02-18 20:21:05 [main] INFO  stepdefinitions.LoginSteps - Login success...
  ✔ Then User should see the "my account page"                       # stepdefinitions.LoginSteps.userShouldSeeThe(java.lang.String)
2026-02-18 20:21:05 [main] INFO  hooks.Hooks - Broswer closed...
]]></system-out>
    <system-err><![CDATA[Feb 18, 2026 8:21:01 PM org.openqa.selenium.devtools.CdpVersionFinder findNearestMatch
WARNING: Unable to find an exact match for CDP version 145, returning the closest version; found: 144; Please update to a Selenium version that supports CDP version 145
]]></system-err>
  </testcase>
  <testcase name="runScenario[&quot;Verify login for the valid and invalid credentials&quot;, &quot;Login&quot;](3)" classname="runner.TestRunner" time="6.797">
    <system-out><![CDATA[
@Regression @DataDriven
Scenario Outline: Verify login for the valid and invalid credentials # src/test/resources/Features/Login.feature:26
2026-02-18 20:21:05 [main] INFO  hooks.Hooks - Broswer launched...
2026-02-18 20:21:10 [main] INFO  stepdefinitions.CommonSteps - On homepage...
  ✔ Given User should land on the homepage                           # stepdefinitions.CommonSteps.user_should_land_on_the_homepage()
2026-02-18 20:21:10 [main] INFO  stepdefinitions.CommonSteps - Clicked my account button...
  ✔ When User clicks on MyAccount button                             # stepdefinitions.CommonSteps.user_clicks_on_my_account_button()
2026-02-18 20:21:10 [main] INFO  stepdefinitions.LoginSteps - Clicked on login link...
  ✔ When User clicks on Login link                                   # stepdefinitions.LoginSteps.user_clicks_on_login_link()
2026-02-18 20:21:10 [main] INFO  stepdefinitions.LoginSteps - On login page...
  ✔ Then User should land on the login page                          # stepdefinitions.LoginSteps.user_should_land_on_the_login_page()
2026-02-18 20:21:11 [main] INFO  stepdefinitions.LoginSteps - Entered email...
  ✔ When User enters the email as "jerry123@example.com"             # stepdefinitions.LoginSteps.user_enters_the_email_as(java.lang.String)
2026-02-18 20:21:11 [main] INFO  stepdefinitions.LoginSteps - Entered password...
  ✔ And password as "jerry@123"                                      # stepdefinitions.LoginSteps.password_as(java.lang.String)
2026-02-18 20:21:11 [main] INFO  stepdefinitions.LoginSteps - Clicked login button...
  ✔ And clicks on login button                                       # stepdefinitions.LoginSteps.clicks_on_login_button()
2026-02-18 20:21:12 [main] ERROR stepdefinitions.LoginSteps - Login failed...
  ✔ Then User should see the "error message"                         # stepdefinitions.LoginSteps.userShouldSeeThe(java.lang.String)
2026-02-18 20:21:12 [main] INFO  hooks.Hooks - Broswer closed...
]]></system-out>
    <system-err><![CDATA[Feb 18, 2026 8:21:07 PM org.openqa.selenium.devtools.CdpVersionFinder findNearestMatch
WARNING: Unable to find an exact match for CDP version 145, returning the closest version; found: 144; Please update to a Selenium version that supports CDP version 145
]]></system-err>
  </testcase>
  <testcase name="runScenario[&quot;Verifying the login feature with valid and invalid inputs using the data table&quot;, &quot;Verifying the login with data table&quot;](4)" classname="runner.TestRunner" time="9.381">
    <system-out><![CDATA[
@DataDriven
Scenario: Verifying the login feature with valid and invalid inputs using the data table                    # src/test/resources/Features/LoginDataTable.feature:4
2026-02-18 20:21:12 [main] INFO  hooks.Hooks - Broswer launched...
2026-02-18 20:21:16 [main] INFO  stepdefinitions.CommonSteps - On homepage...
  ✔ Given User should land on the homepage                                                                  # stepdefinitions.CommonSteps.user_should_land_on_the_homepage()
2026-02-18 20:21:16 [main] INFO  stepdefinitions.CommonSteps - Clicked my account button...
  ✔ When User clicks on MyAccount button                                                                    # stepdefinitions.CommonSteps.user_clicks_on_my_account_button()
2026-02-18 20:21:16 [main] INFO  stepdefinitions.LoginSteps - Clicked on login link...
  ✔ When User clicks on Login link                                                                          # stepdefinitions.LoginSteps.user_clicks_on_login_link()
2026-02-18 20:21:16 [main] INFO  stepdefinitions.LoginSteps - On login page...
  ✔ Then User should land on the login page                                                                 # stepdefinitions.LoginSteps.user_should_land_on_the_login_page()
2026-02-18 20:21:17 [main] INFO  stepdefinitions.LoginDataTableSteps - Email entered...
2026-02-18 20:21:17 [main] INFO  stepdefinitions.LoginDataTableSteps - Password entered...
2026-02-18 20:21:18 [main] INFO  stepdefinitions.LoginDataTableSteps - Clicked login button...
2026-02-18 20:21:18 [main] ERROR stepdefinitions.LoginDataTableSteps - Login failed...
2026-02-18 20:21:18 [main] INFO  stepdefinitions.LoginDataTableSteps - Email entered...
2026-02-18 20:21:19 [main] INFO  stepdefinitions.LoginDataTableSteps - Password entered...
2026-02-18 20:21:19 [main] INFO  stepdefinitions.LoginDataTableSteps - Clicked login button...
2026-02-18 20:21:19 [main] ERROR stepdefinitions.LoginDataTableSteps - Login failed...
2026-02-18 20:21:20 [main] INFO  stepdefinitions.LoginDataTableSteps - Email entered...
2026-02-18 20:21:20 [main] INFO  stepdefinitions.LoginDataTableSteps - Password entered...
2026-02-18 20:21:21 [main] INFO  stepdefinitions.LoginDataTableSteps - Clicked login button...
2026-02-18 20:21:21 [main] INFO  stepdefinitions.LoginDataTableSteps - Login success...
  ✔ When User enter the below credentials and clicks the login button then login process should be complete # stepdefinitions.LoginDataTableSteps.user_enter_the_below_credentials_and_clicks_the_login_button_then_login_process_should_be_complete(io.cucumber.datatable.DataTable)
      | email                  | password  | expected |
      | jerry12345@example.com | jerry@123 | invalid  |
      | james12345@example.com | james@123 | invalid  |
      | alex12345@example.com  | alex@123  | valid    |
2026-02-18 20:21:21 [main] INFO  hooks.Hooks - Broswer closed...
]]></system-out>
    <system-err><![CDATA[Feb 18, 2026 8:21:14 PM org.openqa.selenium.devtools.CdpVersionFinder findNearestMatch
WARNING: Unable to find an exact match for CDP version 145, returning the closest version; found: 144; Please update to a Selenium version that supports CDP version 145
]]></system-err>
  </testcase>
  <testcase name="runScenario[&quot;Verify the signup feature for the valid data inputs&quot;, &quot;Register&quot;](5)" classname="runner.TestRunner" time="9.405">
    <system-out><![CDATA[
@Smoke @Regression
Scenario: Verify the signup feature for the valid data inputs # src/test/resources/Features/Register.feature:8
2026-02-18 20:21:22 [main] INFO  hooks.Hooks - Broswer launched...
2026-02-18 20:21:25 [main] INFO  stepdefinitions.CommonSteps - On homepage...
  ✔ Given User should land on the homepage                    # stepdefinitions.CommonSteps.user_should_land_on_the_homepage()
2026-02-18 20:21:25 [main] INFO  stepdefinitions.CommonSteps - Clicked my account button...
  ✔ When User clicks on MyAccount button                      # stepdefinitions.CommonSteps.user_clicks_on_my_account_button()
2026-02-18 20:21:25 [main] INFO  stepdefinitions.RegisterSteps - Clicked register link...
  ✔ When User clicks on Register button                       # stepdefinitions.RegisterSteps.user_clicks_on_register_button()
2026-02-18 20:21:26 [main] INFO  stepdefinitions.RegisterSteps - On registration form...
  ✔ Then User should land on the registration page            # stepdefinitions.RegisterSteps.user_should_land_on_the_registration_page()
2026-02-18 20:21:26 [main] INFO  stepdefinitions.RegisterSteps - Entered first name...
  ✔ When User enters first name                               # stepdefinitions.RegisterSteps.user_enters_first_name()
2026-02-18 20:21:27 [main] INFO  stepdefinitions.RegisterSteps - Entered last name...
  ✔ And User enters last name                                 # stepdefinitions.RegisterSteps.user_enters_last_name()
2026-02-18 20:21:27 [main] INFO  stepdefinitions.RegisterSteps - Entered email...
  ✔ And User enters email                                     # stepdefinitions.RegisterSteps.user_enters_email()
2026-02-18 20:21:28 [main] INFO  stepdefinitions.RegisterSteps - Entered telephone...
  ✔ And User enters telephone                                 # stepdefinitions.RegisterSteps.user_enters_telephone()
2026-02-18 20:21:28 [main] INFO  stepdefinitions.RegisterSteps - Entered password...
  ✔ And User enters password                                  # stepdefinitions.RegisterSteps.user_enters_password()
2026-02-18 20:21:28 [main] INFO  stepdefinitions.RegisterSteps - Password confirmed...
  ✔ And User enters confirm password                          # stepdefinitions.RegisterSteps.user_enters_confirm_password()
2026-02-18 20:21:29 [main] INFO  stepdefinitions.RegisterSteps - Checked the checkbox...
  ✔ And User checks the privacy policy checkbox               # stepdefinitions.RegisterSteps.user_checks_the_privacy_policy_checkbox()
2026-02-18 20:21:29 [main] INFO  stepdefinitions.RegisterSteps - Clicked continue button...
  ✔ And User clicks on the continue button                    # stepdefinitions.RegisterSteps.user_clicks_on_the_continue_button()
2026-02-18 20:21:30 [main] INFO  stepdefinitions.RegisterSteps - Registration success...
  ✔ Then User should be registered successfully               # stepdefinitions.RegisterSteps.user_should_be_registered_successfully()
2026-02-18 20:21:30 [main] INFO  stepdefinitions.RegisterSteps - On success page...
  ✔ And User should land on success page                      # stepdefinitions.RegisterSteps.user_should_land_on_success_page()
2026-02-18 20:21:30 [main] INFO  stepdefinitions.RegisterSteps - Continue button on success page clicked...
  ✔ When User clicks continue button on the success page      # stepdefinitions.RegisterSteps.user_clicks_continue_button_on_the_success_page()
2026-02-18 20:21:31 [main] INFO  stepdefinitions.CommonSteps - On my account page...
  ✔ Then User should land on the my account page              # stepdefinitions.CommonSteps.user_should_land_on_the_my_account_page()
2026-02-18 20:21:31 [main] INFO  hooks.Hooks - Broswer closed...
]]></system-out>
    <system-err><![CDATA[Feb 18, 2026 8:21:23 PM org.openqa.selenium.devtools.CdpVersionFinder findNearestMatch
WARNING: Unable to find an exact match for CDP version 145, returning the closest version; found: 144; Please update to a Selenium version that supports CDP version 145
]]></system-err>
  </testcase>
</testsuite>