<?xml version="1.0" encoding="UTF-8"?>
<!-- Generated by org.testng.reporters.JUnitReportReporter -->
<testsuite hostname="DESKTOP-H586KPP" failures="0" tests="5" name="runner.TestRunner" time="41.661" errors="0" timestamp="2026-02-18T20:21:35 IST" skipped="0">
  <testcase classname="runner.TestRunner" name="runScenario" time="6.192"/>
  <testcase classname="runner.TestRunner" name="runScenario" time="9.405"/>
  <testcase classname="runner.TestRunner" name="runScenario" time="6.797"/>
  <testcase classname="runner.TestRunner" name="runScenario" time="9.886"/>
  <testcase classname="runner.TestRunner" name="runScenario" time="9.381"/>
</testsuite> <!-- runner.TestRunner -->
